<?xml version="1.0" encoding="UTF-8"?>
<testsuite xmlns:xsi="http://www.w3.org/2001/XMLSchema-instance" xsi:noNamespaceSchemaLocation="https://maven.apache.org/surefire/maven-surefire-plugin/xsd/surefire-test-report-3.0.xsd" version="3.0" name="testtweet.TweetAPITest" time="0.283" tests="3" errors="0" skipped="0" failures="3">
  <properties>
    <property name="java.specification.version" value="13"/>
    <property name="sun.jnu.encoding" value="UTF-8"/>
    <property name="java.class.path" value="/Users/karimmekdoud/IdeaProjects/RestAPI_Automation_Framework_Team4/Twitter/target/test-classes:/Users/karimmekdoud/IdeaProjects/RestAPI_Automation_Framework_Team4/Twitter/target/classes:/Users/karimmekdoud/IdeaProjects/RestAPI_Automation_Framework_Team4/Generic/target/Generic-1.0-SNAPSHOT.jar:/Users/karimmekdoud/.m2/repository/io/rest-assured/rest-assured-all/4.3.0/rest-assured-all-4.3.0.jar:/Users/karimmekdoud/.m2/repository/org/apache/commons/commons-lang3/3.4/commons-lang3-3.4.jar:/Users/karimmekdoud/.m2/repository/jakarta/xml/bind/jakarta.xml.bind-api/2.3.2/jakarta.xml.bind-api-2.3.2.jar:/Users/karimmekdoud/.m2/repository/jakarta/activation/jakarta.activation-api/1.2.1/jakarta.activation-api-1.2.1.jar:/Users/karimmekdoud/.m2/repository/com/sun/xml/bind/jaxb-osgi/2.3.0.1/jaxb-osgi-2.3.0.1.jar:/Users/karimmekdoud/.m2/repository/org/apache/sling/org.apache.sling.javax.activation/0.1.0/org.apache.sling.javax.activation-0.1.0.jar:/Users/karimmekdoud/.m2/repository/javax/activation/activation/1.1.1/activation-1.1.1.jar:/Users/karimmekdoud/.m2/repository/org/codehaus/groovy/groovy-json/3.0.2/groovy-json-3.0.2.jar:/Users/karimmekdoud/.m2/repository/com/github/scribejava/scribejava-apis/2.5.3/scribejava-apis-2.5.3.jar:/Users/karimmekdoud/.m2/repository/com/github/scribejava/scribejava-core/2.5.3/scribejava-core-2.5.3.jar:/Users/karimmekdoud/.m2/repository/com/fasterxml/jackson/core/jackson-databind/2.11.0/jackson-databind-2.11.0.jar:/Users/karimmekdoud/.m2/repository/com/fasterxml/jackson/core/jackson-annotations/2.11.0/jackson-annotations-2.11.0.jar:/Users/karimmekdoud/.m2/repository/com/fasterxml/jackson/core/jackson-core/2.11.0/jackson-core-2.11.0.jar:/Users/karimmekdoud/.m2/repository/com/mashape/unirest/unirest-java/1.4.9/unirest-java-1.4.9.jar:/Users/karimmekdoud/.m2/repository/org/apache/httpcomponents/httpclient/4.5.12/httpclient-4.5.12.jar:/Users/karimmekdoud/.m2/repository/org/apache/httpcomponents/httpcore/4.4.13/httpcore-4.4.13.jar:/Users/karimmekdoud/.m2/repository/commons-logging/commons-logging/1.2/commons-logging-1.2.jar:/Users/karimmekdoud/.m2/repository/commons-codec/commons-codec/1.11/commons-codec-1.11.jar:/Users/karimmekdoud/.m2/repository/org/apache/httpcomponents/httpasyncclient/4.1.4/httpasyncclient-4.1.4.jar:/Users/karimmekdoud/.m2/repository/org/apache/httpcomponents/httpcore-nio/4.4.10/httpcore-nio-4.4.10.jar:/Users/karimmekdoud/.m2/repository/org/apache/httpcomponents/httpmime/4.5.12/httpmime-4.5.12.jar:/Users/karimmekdoud/.m2/repository/org/json/json/20200518/json-20200518.jar:/Users/karimmekdoud/.m2/repository/com/googlecode/json-simple/json-simple/1.1.1/json-simple-1.1.1.jar:/Users/karimmekdoud/.m2/repository/junit/junit/4.10/junit-4.10.jar:/Users/karimmekdoud/.m2/repository/org/hamcrest/hamcrest-core/1.1/hamcrest-core-1.1.jar:/Users/karimmekdoud/.m2/repository/io/rest-assured/json-path/4.3.0/json-path-4.3.0.jar:/Users/karimmekdoud/.m2/repository/io/rest-assured/rest-assured-common/4.3.0/rest-assured-common-4.3.0.jar:/Users/karimmekdoud/.m2/repository/io/rest-assured/xml-path/4.3.0/xml-path-4.3.0.jar:/Users/karimmekdoud/.m2/repository/io/rest-assured/json-schema-validator/4.3.0/json-schema-validator-4.3.0.jar:/Users/karimmekdoud/.m2/repository/com/github/java-json-tools/json-schema-validator/2.2.10/json-schema-validator-2.2.10.jar:/Users/karimmekdoud/.m2/repository/com/github/java-json-tools/json-schema-core/1.2.10/json-schema-core-1.2.10.jar:/Users/karimmekdoud/.m2/repository/com/github/java-json-tools/jackson-coreutils/1.9/jackson-coreutils-1.9.jar:/Users/karimmekdoud/.m2/repository/com/github/fge/msg-simple/1.1/msg-simple-1.1.jar:/Users/karimmekdoud/.m2/repository/com/github/fge/btf/1.2/btf-1.2.jar:/Users/karimmekdoud/.m2/repository/com/github/fge/uri-template/0.9/uri-template-0.9.jar:/Users/karimmekdoud/.m2/repository/org/mozilla/rhino/1.7.7.1/rhino-1.7.7.1.jar:/Users/karimmekdoud/.m2/repository/javax/mail/mailapi/1.4.3/mailapi-1.4.3.jar:/Users/karimmekdoud/.m2/repository/joda-time/joda-time/2.9.7/joda-time-2.9.7.jar:/Users/karimmekdoud/.m2/repository/com/googlecode/libphonenumber/libphonenumber/8.0.0/libphonenumber-8.0.0.jar:/Users/karimmekdoud/.m2/repository/com/google/code/findbugs/jsr305/3.0.1/jsr305-3.0.1.jar:/Users/karimmekdoud/.m2/repository/net/sf/jopt-simple/jopt-simple/5.0.3/jopt-simple-5.0.3.jar:/Users/karimmekdoud/.m2/repository/io/rest-assured/rest-assured/4.3.0/rest-assured-4.3.0.jar:/Users/karimmekdoud/.m2/repository/org/codehaus/groovy/groovy/3.0.2/groovy-3.0.2.jar:/Users/karimmekdoud/.m2/repository/org/codehaus/groovy/groovy-xml/3.0.2/groovy-xml-3.0.2.jar:/Users/karimmekdoud/.m2/repository/org/hamcrest/hamcrest/2.1/hamcrest-2.1.jar:/Users/karimmekdoud/.m2/repository/org/ccil/cowan/tagsoup/tagsoup/1.2.1/tagsoup-1.2.1.jar:/Users/karimmekdoud/.m2/repository/org/testng/testng/7.1.0/testng-7.1.0.jar:/Users/karimmekdoud/.m2/repository/com/beust/jcommander/1.72/jcommander-1.72.jar:/Users/karimmekdoud/.m2/repository/com/google/inject/guice/4.1.0/guice-4.1.0-no_aop.jar:/Users/karimmekdoud/.m2/repository/javax/inject/javax.inject/1/javax.inject-1.jar:/Users/karimmekdoud/.m2/repository/aopalliance/aopalliance/1.0/aopalliance-1.0.jar:/Users/karimmekdoud/.m2/repository/com/google/guava/guava/19.0/guava-19.0.jar:/Users/karimmekdoud/.m2/repository/org/yaml/snakeyaml/1.21/snakeyaml-1.21.jar:"/>
    <property name="java.vm.vendor" value="Oracle Corporation"/>
    <property name="sun.arch.data.model" value="64"/>
    <property name="java.vendor.url" value="https://java.oracle.com/"/>
    <property name="user.timezone" value="America/New_York"/>
    <property name="os.name" value="Mac OS X"/>
    <property name="java.vm.specification.version" value="13"/>
    <property name="sun.java.launcher" value="SUN_STANDARD"/>
    <property name="user.country" value="US"/>
    <property name="sun.boot.library.path" value="/Library/Java/JavaVirtualMachines/jdk-13.0.2.jdk/Contents/Home/lib"/>
    <property name="sun.java.command" value="/Users/karimmekdoud/IdeaProjects/RestAPI_Automation_Framework_Team4/Twitter/target/surefire/surefirebooter3930987919070874245.jar /Users/karimmekdoud/IdeaProjects/RestAPI_Automation_Framework_Team4/Twitter/target/surefire 2020-06-27T03-42-12_459-jvmRun1 surefire12931637840291266826tmp surefire_013642816179734218154tmp"/>
    <property name="http.nonProxyHosts" value="local|*.local|169.254/16|*.169.254/16"/>
    <property name="jdk.debug" value="release"/>
    <property name="surefire.test.class.path" value="/Users/karimmekdoud/IdeaProjects/RestAPI_Automation_Framework_Team4/Twitter/target/test-classes:/Users/karimmekdoud/IdeaProjects/RestAPI_Automation_Framework_Team4/Twitter/target/classes:/Users/karimmekdoud/IdeaProjects/RestAPI_Automation_Framework_Team4/Generic/target/Generic-1.0-SNAPSHOT.jar:/Users/karimmekdoud/.m2/repository/io/rest-assured/rest-assured-all/4.3.0/rest-assured-all-4.3.0.jar:/Users/karimmekdoud/.m2/repository/org/apache/commons/commons-lang3/3.4/commons-lang3-3.4.jar:/Users/karimmekdoud/.m2/repository/jakarta/xml/bind/jakarta.xml.bind-api/2.3.2/jakarta.xml.bind-api-2.3.2.jar:/Users/karimmekdoud/.m2/repository/jakarta/activation/jakarta.activation-api/1.2.1/jakarta.activation-api-1.2.1.jar:/Users/karimmekdoud/.m2/repository/com/sun/xml/bind/jaxb-osgi/2.3.0.1/jaxb-osgi-2.3.0.1.jar:/Users/karimmekdoud/.m2/repository/org/apache/sling/org.apache.sling.javax.activation/0.1.0/org.apache.sling.javax.activation-0.1.0.jar:/Users/karimmekdoud/.m2/repository/javax/activation/activation/1.1.1/activation-1.1.1.jar:/Users/karimmekdoud/.m2/repository/org/codehaus/groovy/groovy-json/3.0.2/groovy-json-3.0.2.jar:/Users/karimmekdoud/.m2/repository/com/github/scribejava/scribejava-apis/2.5.3/scribejava-apis-2.5.3.jar:/Users/karimmekdoud/.m2/repository/com/github/scribejava/scribejava-core/2.5.3/scribejava-core-2.5.3.jar:/Users/karimmekdoud/.m2/repository/com/fasterxml/jackson/core/jackson-databind/2.11.0/jackson-databind-2.11.0.jar:/Users/karimmekdoud/.m2/repository/com/fasterxml/jackson/core/jackson-annotations/2.11.0/jackson-annotations-2.11.0.jar:/Users/karimmekdoud/.m2/repository/com/fasterxml/jackson/core/jackson-core/2.11.0/jackson-core-2.11.0.jar:/Users/karimmekdoud/.m2/repository/com/mashape/unirest/unirest-java/1.4.9/unirest-java-1.4.9.jar:/Users/karimmekdoud/.m2/repository/org/apache/httpcomponents/httpclient/4.5.12/httpclient-4.5.12.jar:/Users/karimmekdoud/.m2/repository/org/apache/httpcomponents/httpcore/4.4.13/httpcore-4.4.13.jar:/Users/karimmekdoud/.m2/repository/commons-logging/commons-logging/1.2/commons-logging-1.2.jar:/Users/karimmekdoud/.m2/repository/commons-codec/commons-codec/1.11/commons-codec-1.11.jar:/Users/karimmekdoud/.m2/repository/org/apache/httpcomponents/httpasyncclient/4.1.4/httpasyncclient-4.1.4.jar:/Users/karimmekdoud/.m2/repository/org/apache/httpcomponents/httpcore-nio/4.4.10/httpcore-nio-4.4.10.jar:/Users/karimmekdoud/.m2/repository/org/apache/httpcomponents/httpmime/4.5.12/httpmime-4.5.12.jar:/Users/karimmekdoud/.m2/repository/org/json/json/20200518/json-20200518.jar:/Users/karimmekdoud/.m2/repository/com/googlecode/json-simple/json-simple/1.1.1/json-simple-1.1.1.jar:/Users/karimmekdoud/.m2/repository/junit/junit/4.10/junit-4.10.jar:/Users/karimmekdoud/.m2/repository/org/hamcrest/hamcrest-core/1.1/hamcrest-core-1.1.jar:/Users/karimmekdoud/.m2/repository/io/rest-assured/json-path/4.3.0/json-path-4.3.0.jar:/Users/karimmekdoud/.m2/repository/io/rest-assured/rest-assured-common/4.3.0/rest-assured-common-4.3.0.jar:/Users/karimmekdoud/.m2/repository/io/rest-assured/xml-path/4.3.0/xml-path-4.3.0.jar:/Users/karimmekdoud/.m2/repository/io/rest-assured/json-schema-validator/4.3.0/json-schema-validator-4.3.0.jar:/Users/karimmekdoud/.m2/repository/com/github/java-json-tools/json-schema-validator/2.2.10/json-schema-validator-2.2.10.jar:/Users/karimmekdoud/.m2/repository/com/github/java-json-tools/json-schema-core/1.2.10/json-schema-core-1.2.10.jar:/Users/karimmekdoud/.m2/repository/com/github/java-json-tools/jackson-coreutils/1.9/jackson-coreutils-1.9.jar:/Users/karimmekdoud/.m2/repository/com/github/fge/msg-simple/1.1/msg-simple-1.1.jar:/Users/karimmekdoud/.m2/repository/com/github/fge/btf/1.2/btf-1.2.jar:/Users/karimmekdoud/.m2/repository/com/github/fge/uri-template/0.9/uri-template-0.9.jar:/Users/karimmekdoud/.m2/repository/org/mozilla/rhino/1.7.7.1/rhino-1.7.7.1.jar:/Users/karimmekdoud/.m2/repository/javax/mail/mailapi/1.4.3/mailapi-1.4.3.jar:/Users/karimmekdoud/.m2/repository/joda-time/joda-time/2.9.7/joda-time-2.9.7.jar:/Users/karimmekdoud/.m2/repository/com/googlecode/libphonenumber/libphonenumber/8.0.0/libphonenumber-8.0.0.jar:/Users/karimmekdoud/.m2/repository/com/google/code/findbugs/jsr305/3.0.1/jsr305-3.0.1.jar:/Users/karimmekdoud/.m2/repository/net/sf/jopt-simple/jopt-simple/5.0.3/jopt-simple-5.0.3.jar:/Users/karimmekdoud/.m2/repository/io/rest-assured/rest-assured/4.3.0/rest-assured-4.3.0.jar:/Users/karimmekdoud/.m2/repository/org/codehaus/groovy/groovy/3.0.2/groovy-3.0.2.jar:/Users/karimmekdoud/.m2/repository/org/codehaus/groovy/groovy-xml/3.0.2/groovy-xml-3.0.2.jar:/Users/karimmekdoud/.m2/repository/org/hamcrest/hamcrest/2.1/hamcrest-2.1.jar:/Users/karimmekdoud/.m2/repository/org/ccil/cowan/tagsoup/tagsoup/1.2.1/tagsoup-1.2.1.jar:/Users/karimmekdoud/.m2/repository/org/testng/testng/7.1.0/testng-7.1.0.jar:/Users/karimmekdoud/.m2/repository/com/beust/jcommander/1.72/jcommander-1.72.jar:/Users/karimmekdoud/.m2/repository/com/google/inject/guice/4.1.0/guice-4.1.0-no_aop.jar:/Users/karimmekdoud/.m2/repository/javax/inject/javax.inject/1/javax.inject-1.jar:/Users/karimmekdoud/.m2/repository/aopalliance/aopalliance/1.0/aopalliance-1.0.jar:/Users/karimmekdoud/.m2/repository/com/google/guava/guava/19.0/guava-19.0.jar:/Users/karimmekdoud/.m2/repository/org/yaml/snakeyaml/1.21/snakeyaml-1.21.jar:"/>
    <property name="sun.cpu.endian" value="little"/>
    <property name="user.home" value="/Users/karimmekdoud"/>
    <property name="user.language" value="en"/>
    <property name="java.specification.vendor" value="Oracle Corporation"/>
    <property name="java.version.date" value="2020-01-14"/>
    <property name="java.home" value="/Library/Java/JavaVirtualMachines/jdk-13.0.2.jdk/Contents/Home"/>
    <property name="file.separator" value="/"/>
    <property name="basedir" value="/Users/karimmekdoud/IdeaProjects/RestAPI_Automation_Framework_Team4/Twitter"/>
    <property name="java.vm.compressedOopsMode" value="Zero based"/>
    <property name="line.separator" value="&#10;"/>
    <property name="java.specification.name" value="Java Platform API Specification"/>
    <property name="java.vm.specification.vendor" value="Oracle Corporation"/>
    <property name="idea.version2020.1.2" value="true"/>
    <property name="surefire.real.class.path" value="/Users/karimmekdoud/IdeaProjects/RestAPI_Automation_Framework_Team4/Twitter/target/surefire/surefirebooter3930987919070874245.jar"/>
    <property name="sun.management.compiler" value="HotSpot 64-Bit Tiered Compilers"/>
    <property name="ftp.nonProxyHosts" value="local|*.local|169.254/16|*.169.254/16"/>
    <property name="java.runtime.version" value="13.0.2+8"/>
    <property name="user.name" value="karimmekdoud"/>
    <property name="path.separator" value=":"/>
    <property name="os.version" value="10.15.4"/>
    <property name="java.runtime.name" value="Java(TM) SE Runtime Environment"/>
    <property name="file.encoding" value="UTF-8"/>
    <property name="java.vm.name" value="Java HotSpot(TM) 64-Bit Server VM"/>
    <property name="localRepository" value="/Users/karimmekdoud/.m2/repository"/>
    <property name="java.vendor.url.bug" value="https://bugreport.java.com/bugreport/"/>
    <property name="java.io.tmpdir" value="/var/folders/jk/jdwgknx526gfy49__69krsf80000gn/T/"/>
    <property name="java.version" value="13.0.2"/>
    <property name="user.dir" value="/Users/karimmekdoud/IdeaProjects/RestAPI_Automation_Framework_Team4/Twitter"/>
    <property name="os.arch" value="x86_64"/>
    <property name="java.vm.specification.name" value="Java Virtual Machine Specification"/>
    <property name="java.library.path" value="/Users/karimmekdoud/Library/Java/Extensions:/Library/Java/Extensions:/Network/Library/Java/Extensions:/System/Library/Java/Extensions:/usr/lib/java:."/>
    <property name="java.vm.info" value="mixed mode, sharing"/>
    <property name="java.vendor" value="Oracle Corporation"/>
    <property name="java.vm.version" value="13.0.2+8"/>
    <property name="sun.io.unicode.encoding" value="UnicodeBig"/>
    <property name="socksNonProxyHosts" value="local|*.local|169.254/16|*.169.254/16"/>
    <property name="java.class.version" value="57.0"/>
  </properties>
  <testcase name="testDeleteTweet" classname="testtweet.TweetAPITest" time="0.008">
    <failure type="java.lang.NullPointerException"><![CDATA[java.lang.NullPointerException
	at testtweet.TweetAPITest.testDeleteTweet(TweetAPITest.java:60)
]]></failure>
  </testcase>
  <testcase name="testUserCanNotTweetTheSameTweetTwiceInARow" classname="testtweet.TweetAPITest" time="0.001">
    <failure type="java.lang.NullPointerException"><![CDATA[java.lang.NullPointerException
	at testtweet.TweetAPITest.testUserCanNotTweetTheSameTweetTwiceInARow(TweetAPITest.java:37)
]]></failure>
  </testcase>
  <testcase name="testUserCanTweetSuccessfully" classname="testtweet.TweetAPITest" time="0.008">
    <failure type="java.lang.NullPointerException"><![CDATA[java.lang.NullPointerException
	at testtweet.TweetAPITest.testUserCanTweetSuccessfully(TweetAPITest.java:25)
]]></failure>
  </testcase>
</testsuite>