<?xml version="1.0" encoding="UTF-8"?>
<!-- Generated by org.testng.reporters.JUnitReportReporter -->
<testsuite hostname="Karims-MBP.fios-router.home" failures="0" tests="3" name="testpost.TestPostsAPI" time="2.383" errors="0" timestamp="2020-06-27T03:42:17 EDT" skipped="0">
  <testcase classname="testpost.TestPostsAPI" name="testUserCanCreateAPostUsingPojoSuccessfully" time="0.157"/>
  <system-out/>
  <testcase classname="testpost.TestPostsAPI" name="testGetAllPosts" time="1.475"/>
  <system-out/>
  <testcase classname="testpost.TestPostsAPI" name="testUserCanCreateAPostSuccessfully" time="0.751"/>
  <system-out/>
</testsuite> <!-- testpost.TestPostsAPI -->
