<?xml version="1.0" encoding="UTF-8"?>
<!-- Generated by org.testng.reporters.JUnitReportReporter -->
<testsuite hostname="DESKTOP-84GOSHK" failures="0" tests="3" name="testpost.TestPostsAPI" time="9.632" errors="0" timestamp="2020-06-28T01:49:21 EDT" skipped="0">
  <testcase classname="testpost.TestPostsAPI" name="testUserCanCreateAPostSuccessfully" time="4.181"/>
  <system-out/>
  <testcase classname="testpost.TestPostsAPI" name="testGetAllPosts" time="5.165"/>
  <system-out/>
  <testcase classname="testpost.TestPostsAPI" name="testUserCanCreateAPostUsingPojoSuccessfully" time="0.286"/>
  <system-out/>
</testsuite> <!-- testpost.TestPostsAPI -->
